2025-03-28 17:14:53.519643 - Received CBT.V508.FILE248.PDS from FILE248.XMI 
2025-03-28 17:14:53.522430 - Found $$$#DATE.txt (text/plain) in CBT.V508.FILE248.PDS, moved to PDS/$$$#DATE
2025-03-28 17:14:53.523434 - Found $$$DOC.txt (text/plain) in CBT.V508.FILE248.PDS, moved to PDS/$$$DOC
2025-03-28 17:14:53.524353 - Found $$$MOD.txt (text/plain) in CBT.V508.FILE248.PDS, moved to PDS/$$$MOD
2025-03-28 17:14:53.525546 - Found @FILE248.txt (text/plain) in CBT.V508.FILE248.PDS, moved to PDS/@FILE248
2025-03-28 17:14:53.527239 - Found CLEARBC.txt (text/plain) in CBT.V508.FILE248.PDS, moved to PDS/CLEARBC
2025-03-28 17:14:53.529209 - Found CPUINFO.txt (text/plain) in CBT.V508.FILE248.PDS, moved to PDS/CPUINFO
2025-03-28 17:14:53.531088 - Found CPUINFO$.txt (text/plain) in CBT.V508.FILE248.PDS, moved to PDS/CPUINFO$
2025-03-28 17:14:53.532568 - Found CPUINFO#.txt (text/plain) in CBT.V508.FILE248.PDS, moved to PDS/CPUINFO#
2025-03-28 17:14:53.534141 - Found GTEDAALC.txt (text/plain) in CBT.V508.FILE248.PDS, moved to PDS/GTEDAALC
2025-03-28 17:14:53.535254 - Found GTEDADAT.txt (text/plain) in CBT.V508.FILE248.PDS, moved to PDS/GTEDADAT
2025-03-28 17:14:53.536177 - Found GTEDADOC.txt (text/plain) in CBT.V508.FILE248.PDS, moved to PDS/GTEDADOC
2025-03-28 17:14:53.536868 - Found GTEDASET.txt (text/plain) in CBT.V508.FILE248.PDS, moved to PDS/GTEDASET
2025-03-28 17:14:53.538116 - Found IEFUTL.txt (text/plain) in CBT.V508.FILE248.PDS, moved to PDS/IEFUTL
2025-03-28 17:14:53.539272 - Found IEFUTL$.txt (text/plain) in CBT.V508.FILE248.PDS, moved to PDS/IEFUTL$
2025-03-28 17:14:53.540593 - Found LCICS.txt (text/plain) in CBT.V508.FILE248.PDS, moved to PDS/LCICS
2025-03-28 17:14:53.541100 - Found LCICS$.txt (text/plain) in CBT.V508.FILE248.PDS, moved to PDS/LCICS$
2025-03-28 17:14:53.541690 - Found LCICS#.txt (text/plain) in CBT.V508.FILE248.PDS, moved to PDS/LCICS#
2025-03-28 17:14:53.542309 - Found LCICSXM.txt (text/plain) in CBT.V508.FILE248.PDS, moved to PDS/LCICSXM
2025-03-28 17:14:53.543067 - Found LCICSXM$.txt (text/plain) in CBT.V508.FILE248.PDS, moved to PDS/LCICSXM$
2025-03-28 17:14:53.543730 - Found LISTV.txt (text/plain) in CBT.V508.FILE248.PDS, moved to PDS/LISTV
2025-03-28 17:14:53.544279 - Found LISTV$.txt (text/plain) in CBT.V508.FILE248.PDS, moved to PDS/LISTV$
2025-03-28 17:14:53.544961 - Found LISTV#.txt (text/plain) in CBT.V508.FILE248.PDS, moved to PDS/LISTV#
2025-03-28 17:14:53.545561 - Found LLIST.txt (text/plain) in CBT.V508.FILE248.PDS, moved to PDS/LLIST
2025-03-28 17:14:53.546016 - Found LLIST$.txt (text/plain) in CBT.V508.FILE248.PDS, moved to PDS/LLIST$
2025-03-28 17:14:53.546613 - Found LLIST#.txt (text/plain) in CBT.V508.FILE248.PDS, moved to PDS/LLIST#
2025-03-28 17:14:53.547220 - Found LOCJOB.txt (text/plain) in CBT.V508.FILE248.PDS, moved to PDS/LOCJOB
2025-03-28 17:14:53.547820 - Found LOOKDD.txt (text/plain) in CBT.V508.FILE248.PDS, moved to PDS/LOOKDD
2025-03-28 17:14:53.548410 - Found LOOKDD$.txt (text/plain) in CBT.V508.FILE248.PDS, moved to PDS/LOOKDD$
2025-03-28 17:14:53.548943 - Found LOOKDD#.txt (text/plain) in CBT.V508.FILE248.PDS, moved to PDS/LOOKDD#
2025-03-28 17:14:53.550130 - Found LPROC.txt (text/plain) in CBT.V508.FILE248.PDS, moved to PDS/LPROC
2025-03-28 17:14:53.551310 - Found LPROC$.txt (text/plain) in CBT.V508.FILE248.PDS, moved to PDS/LPROC$
2025-03-28 17:14:53.552762 - Found LPROC#.txt (text/plain) in CBT.V508.FILE248.PDS, moved to PDS/LPROC#
2025-03-28 17:14:53.554251 - Found LPROCXM.txt (text/plain) in CBT.V508.FILE248.PDS, moved to PDS/LPROCXM
2025-03-28 17:14:53.555930 - Found LPROCXM$.txt (text/plain) in CBT.V508.FILE248.PDS, moved to PDS/LPROCXM$
2025-03-28 17:14:53.556979 - Found LPROCXMC.txt (text/plain) in CBT.V508.FILE248.PDS, moved to PDS/LPROCXMC
2025-03-28 17:14:53.558423 - Found MCSCMD.txt (text/plain) in CBT.V508.FILE248.PDS, moved to PDS/MCSCMD
2025-03-28 17:14:53.559523 - Found MCSCMD$.txt (text/plain) in CBT.V508.FILE248.PDS, moved to PDS/MCSCMD$
2025-03-28 17:14:53.560080 - Found MCSCMD#.txt (text/plain) in CBT.V508.FILE248.PDS, moved to PDS/MCSCMD#
2025-03-28 17:14:53.560979 - Found MCSESA.txt (text/plain) in CBT.V508.FILE248.PDS, moved to PDS/MCSESA
2025-03-28 17:14:53.561551 - Found SMFCPU$.txt (text/plain) in CBT.V508.FILE248.PDS, moved to PDS/SMFCPU$
2025-03-28 17:14:53.562211 - Found SMFCPU#.txt (text/plain) in CBT.V508.FILE248.PDS, moved to PDS/SMFCPU#
2025-03-28 17:14:53.562833 - Found SMFCPUID.txt (text/plain) in CBT.V508.FILE248.PDS, moved to PDS/SMFCPUID
